# JRE version: Java(TM) SE Runtime Environment (8.0_151-b12) (build 1.8.0_151-b12)
# Java VM: Java HotSpot(TM) 64-Bit Server VM (25.151-b12 mixed mode linux-amd64 compressed oops)
Heap:
 PSYoungGen      total 68608K, used 5118K [0x00000000d7400000, 0x00000000dbc00000, 0x0000000100000000)
  eden space 63488K, 0% used [0x00000000d7400000,0x00000000d7400000,0x00000000db200000)
  from space 5120K, 99% used [0x00000000db200000,0x00000000db6ff8b8,0x00000000db700000)
  to   space 5120K, 0% used [0x00000000db700000,0x00000000db700000,0x00000000dbc00000)
 ParOldGen       total 84992K, used 12190K [0x0000000085c00000, 0x000000008af00000, 0x00000000d7400000)
  object space 84992K, 14% used [0x0000000085c00000,0x00000000867e7820,0x000000008af00000)
 Metaspace       used 8334K, capacity 8670K, committed 8832K, reserved 1056768K
  class space    used 1016K, capacity 1144K, committed 1152K, reserved 1048576K
GC Heap History (9 events):
Event: 1.094 GC heap before
{Heap before GC invocations=1 (full 0):
 PSYoungGen      total 36864K, used 31744K [0x00000000d7400000, 0x00000000d9d00000, 0x0000000100000000)
  eden space 31744K, 100% used [0x00000000d7400000,0x00000000d9300000,0x00000000d9300000)
  from space 5120K, 0% used [0x00000000d9800000,0x00000000d9800000,0x00000000d9d00000)
  to   space 5120K, 0% used [0x00000000d9300000,0x00000000d9300000,0x00000000d9800000)
 ParOldGen       total 84992K, used 0K [0x0000000085c00000, 0x000000008af00000, 0x00000000d7400000)
  object space 84992K, 0% used [0x0000000085c00000,0x0000000085c00000,0x000000008af00000)
 Metaspace       used 8327K, capacity 8670K, committed 8832K, reserved 1056768K
  class space    used 1016K, capacity 1144K, committed 1152K, reserved 1048576K
Event: 1.102 GC heap after
Heap after GC invocations=1 (full 0):
 PSYoungGen      total 36864K, used 5111K [0x00000000d7400000, 0x00000000d9d00000, 0x0000000100000000)
  eden space 31744K, 0% used [0x00000000d7400000,0x00000000d7400000,0x00000000d9300000)
  from space 5120K, 99% used [0x00000000d9300000,0x00000000d97fdcc8,0x00000000d9800000)
  to   space 5120K, 0% used [0x00000000d9800000,0x00000000d9800000,0x00000000d9d00000)
 ParOldGen       total 84992K, used 1065K [0x0000000085c00000, 0x000000008af00000, 0x00000000d7400000)
  object space 84992K, 1% used [0x0000000085c00000,0x0000000085d0a4d8,0x000000008af00000)
 Metaspace       used 8327K, capacity 8670K, committed 8832K, reserved 1056768K
  class space    used 1016K, capacity 1144K, committed 1152K, reserved 1048576K
}
Event: 1.129 GC heap before
{Heap before GC invocations=2 (full 0):
 PSYoungGen      total 36864K, used 36349K [0x00000000d7400000, 0x00000000d9d00000, 0x0000000100000000)
  eden space 31744K, 98% used [0x00000000d7400000,0x00000000d9281b10,0x00000000d9300000)
  from space 5120K, 99% used [0x00000000d9300000,0x00000000d97fdcc8,0x00000000d9800000)
  to   space 5120K, 0% used [0x00000000d9800000,0x00000000d9800000,0x00000000d9d00000)
 ParOldGen       total 84992K, used 1065K [0x0000000085c00000, 0x000000008af00000, 0x00000000d7400000)
  object space 84992K, 1% used [0x0000000085c00000,0x0000000085d0a4d8,0x000000008af00000)
 Metaspace       used 8334K, capacity 8670K, committed 8832K, reserved 1056768K
  class space    used 1016K, capacity 1144K, committed 1152K, reserved 1048576K
Event: 1.133 GC heap after
Heap after GC invocations=2 (full 0):
 PSYoungGen      total 36864K, used 4471K [0x00000000d7400000, 0x00000000dbc00000, 0x0000000100000000)
  eden space 31744K, 0% used [0x00000000d7400000,0x00000000d7400000,0x00000000d9300000)
  from space 5120K, 87% used [0x00000000d9800000,0x00000000d9c5dd20,0x00000000d9d00000)
  to   space 5120K, 0% used [0x00000000d9300000,0x00000000d9300000,0x00000000d9800000)
 ParOldGen       total 84992K, used 1073K [0x0000000085c00000, 0x000000008af00000, 0x00000000d7400000)
  object space 84992K, 1% used [0x0000000085c00000,0x0000000085d0c4d8,0x000000008af00000)
 Metaspace       used 8334K, capacity 8670K, committed 8832K, reserved 1056768K
  class space    used 1016K, capacity 1144K, committed 1152K, reserved 1048576K
}
Event: 1.154 GC heap before
{Heap before GC invocations=3 (full 0):
 PSYoungGen      total 36864K, used 36215K [0x00000000d7400000, 0x00000000dbc00000, 0x0000000100000000)
  eden space 31744K, 100% used [0x00000000d7400000,0x00000000d9300000,0x00000000d9300000)
  from space 5120K, 87% used [0x00000000d9800000,0x00000000d9c5dd20,0x00000000d9d00000)
  to   space 5120K, 0% used [0x00000000d9300000,0x00000000d9300000,0x00000000d9800000)
 ParOldGen       total 84992K, used 1073K [0x0000000085c00000, 0x000000008af00000, 0x00000000d7400000)
  object space 84992K, 1% used [0x0000000085c00000,0x0000000085d0c4d8,0x000000008af00000)
 Metaspace       used 8334K, capacity 8670K, committed 8832K, reserved 1056768K
  class space    used 1016K, capacity 1144K, committed 1152K, reserved 1048576K
Event: 1.158 GC heap after
Heap after GC invocations=3 (full 0):
 PSYoungGen      total 36864K, used 5102K [0x00000000d7400000, 0x00000000dbc00000, 0x0000000100000000)
  eden space 31744K, 0% used [0x00000000d7400000,0x00000000d7400000,0x00000000d9300000)
  from space 5120K, 99% used [0x00000000d9300000,0x00000000d97fb8e0,0x00000000d9800000)
  to   space 5120K, 0% used [0x00000000db700000,0x00000000db700000,0x00000000dbc00000)
 ParOldGen       total 84992K, used 5597K [0x0000000085c00000, 0x000000008af00000, 0x00000000d7400000)
  object space 84992K, 6% used [0x0000000085c00000,0x0000000086177618,0x000000008af00000)
 Metaspace       used 8334K, capacity 8670K, committed 8832K, reserved 1056768K
  class space    used 1016K, capacity 1144K, committed 1152K, reserved 1048576K
}
Event: 1.178 GC heap before
{Heap before GC invocations=4 (full 0):
 PSYoungGen      total 36864K, used 36664K [0x00000000d7400000, 0x00000000dbc00000, 0x0000000100000000)
  eden space 31744K, 99% used [0x00000000d7400000,0x00000000d92d2838,0x00000000d9300000)
  from space 5120K, 99% used [0x00000000d9300000,0x00000000d97fb8e0,0x00000000d9800000)
  to   space 5120K, 0% used [0x00000000db700000,0x00000000db700000,0x00000000dbc00000)
 ParOldGen       total 84992K, used 5597K [0x0000000085c00000, 0x000000008af00000, 0x00000000d7400000)
  object space 84992K, 6% used [0x0000000085c00000,0x0000000086177618,0x000000008af00000)
 Metaspace       used 8334K, capacity 8670K, committed 8832K, reserved 1056768K
  class space    used 1016K, capacity 1144K, committed 1152K, reserved 1048576K
Event: 1.180 GC heap after
Heap after GC invocations=4 (full 0):
 PSYoungGen      total 68608K, used 4958K [0x00000000d7400000, 0x00000000dbc00000, 0x0000000100000000)
  eden space 63488K, 0% used [0x00000000d7400000,0x00000000d7400000,0x00000000db200000)
  from space 5120K, 96% used [0x00000000db700000,0x00000000dbbd78d8,0x00000000dbc00000)
  to   space 5120K, 0% used [0x00000000db200000,0x00000000db200000,0x00000000db700000)
 ParOldGen       total 84992K, used 7133K [0x0000000085c00000, 0x000000008af00000, 0x00000000d7400000)
  object space 84992K, 8% used [0x0000000085c00000,0x00000000862f76a8,0x000000008af00000)
 Metaspace       used 8334K, capacity 8670K, committed 8832K, reserved 1056768K
  class space    used 1016K, capacity 1144K, committed 1152K, reserved 1048576K
}
Event: 1.226 GC heap before
{Heap before GC invocations=5 (full 0):
 PSYoungGen      total 68608K, used 68446K [0x00000000d7400000, 0x00000000dbc00000, 0x0000000100000000)
  eden space 63488K, 100% used [0x00000000d7400000,0x00000000db200000,0x00000000db200000)
  from space 5120K, 96% used [0x00000000db700000,0x00000000dbbd78d8,0x00000000dbc00000)
  to   space 5120K, 0% used [0x00000000db200000,0x00000000db200000,0x00000000db700000)
 ParOldGen       total 84992K, used 7133K [0x0000000085c00000, 0x000000008af00000, 0x00000000d7400000)
  object space 84992K, 8% used [0x0000000085c00000,0x00000000862f76a8,0x000000008af00000)
 Metaspace       used 8334K, capacity 8670K, committed 8832K, reserved 1056768K
  class space    used 1016K, capacity 1144K, committed 1152K, reserved 1048576K

